<?xml version="1.0" encoding="UTF-8"?>
<!-- Generated by org.testng.reporters.JUnitReportReporter -->
<testsuite skipped="0" hostname="NLLR4000510436" name="org.Com.Qa.PageTest.ShopingCartPageTest" tests="2" failures="0" timestamp="2019-11-18T09:45:53 CET" time="85.307" errors="0">
  <testcase name="testSearchandAddProductToCart" time="42.218" classname="org.Com.Qa.PageTest.ShopingCartPageTest"/>
  <testcase name="testSearchandAddProductToCart" time="43.089" classname="org.Com.Qa.PageTest.ShopingCartPageTest"/>
</testsuite> <!-- org.Com.Qa.PageTest.ShopingCartPageTest -->
