<?xml version="1.0" encoding="UTF-8"?>
<!-- Generated by org.testng.reporters.JUnitReportReporter -->
<testsuite skipped="0" hostname="NLLR4000510436" name="org.Com.Qa.PageTest.HomePageTest" tests="2" failures="0" timestamp="2019-11-18T09:45:53 CET" time="41.315" errors="0">
  <testcase name="testlogo" time="18.955" classname="org.Com.Qa.PageTest.HomePageTest"/>
  <testcase name="testTitle" time="22.360" classname="org.Com.Qa.PageTest.HomePageTest"/>
</testsuite> <!-- org.Com.Qa.PageTest.HomePageTest -->
