<?xml version="1.0" encoding="UTF-8"?>
<!-- Generated by org.testng.reporters.JUnitReportReporter -->
<testsuite skipped="0" hostname="NLLR4000510436" name="org.Com.Qa.PageTest.SigninPageTest" tests="2" failures="0" timestamp="2019-11-18T09:45:53 CET" time="46.937" errors="0">
  <testcase name="testLoginNegetiveCases" time="23.046" classname="org.Com.Qa.PageTest.SigninPageTest"/>
  <testcase name="testLogin" time="23.891" classname="org.Com.Qa.PageTest.SigninPageTest"/>
</testsuite> <!-- org.Com.Qa.PageTest.SigninPageTest -->
