<?xml version="1.0" encoding="UTF-8"?>
<!-- Generated by org.testng.reporters.JUnitReportReporter -->
<testsuite skipped="0" hostname="NLLR4000510436" name="org.Com.Qa.PageTest.SigninPageTest" tests="1" failures="0" timestamp="2019-11-18T11:14:53 CET" time="32.751" errors="0">
  <testcase name="testSignOut" time="32.751" classname="org.Com.Qa.PageTest.SigninPageTest"/>
</testsuite> <!-- org.Com.Qa.PageTest.SigninPageTest -->
