<?xml version="1.0" encoding="UTF-8"?>
<!-- Generated by org.testng.reporters.JUnitReportReporter -->
<testsuite skipped="0" hostname="NLLR4000510436" name="org.Com.Qa.PageTest.RegisterPageTest" tests="5" failures="0" timestamp="2019-11-18T09:45:53 CET" time="128.490" errors="0">
  <testcase name="testSignInRegisterNewUserNegtiveCases" time="24.740" classname="org.Com.Qa.PageTest.RegisterPageTest"/>
  <testcase name="testRegisterNewUserNegetiveCases" time="28.143" classname="org.Com.Qa.PageTest.RegisterPageTest"/>
  <testcase name="testMissMatchPassword" time="24.537" classname="org.Com.Qa.PageTest.RegisterPageTest"/>
  <testcase name="testMissMatchPassword" time="25.686" classname="org.Com.Qa.PageTest.RegisterPageTest"/>
  <testcase name="testCreateNewUser" time="25.384" classname="org.Com.Qa.PageTest.RegisterPageTest"/>
</testsuite> <!-- org.Com.Qa.PageTest.RegisterPageTest -->
